<?xml version="1.0" encoding="UTF-8"?>
<testsuite xmlns:xsi="http://www.w3.org/2001/XMLSchema-instance" xsi:schemaLocation="https://maven.apache.org/surefire/maven-surefire-plugin/xsd/surefire-test-report.xsd" name="com.tests.QuickSortTest" time="0.003" tests="6" errors="0" skipped="0" failures="0">
  <properties>
[...]
</properties>
  <testcase name="checkQuickSort" classname="com.tests.QuickSortTest" time="0.002"/>
  <testcase name="checkfindX" classname="com.tests.QuickSortTest" time="0"/>
  <testcase name="checkPartition" classname="com.tests.QuickSortTest" time="0"/>
  <testcase name="checkswap" classname="com.tests.QuickSortTest" time="0"/>
  <testcase name="checkIfQuickSortObjectExist" classname="com.tests.QuickSortTest" time="0"/>
  <testcase name="checkIfObjectInitialised" classname="com.tests.QuickSortTest" time="0"/>
</testsuite>